root - WARNING - Missing in filled json: http://www.newindianexpress.com/business/2009/aug/07/bank-strike-enters-second-day-trading-hit-75580.html
root - WARNING - Missing in filled json: http://www.newindianexpress.com/nation/2009/dec/04/violence-over-cut-in-water-supply-109873.html
root - WARNING - http://www.newindianexpress.com/states/kerala/2010/may/20/iuml/jamaat-e-islami-tie-up-move-foiled-157895.html
root - WARNING - Missing in filled json: http://www.newindianexpress.com/states/kerala/2010/may/20/iuml/jamaat-e-islami-tie-up-move-foiled-157895.html
root - WARNING - http://www.newindianexpress.com/states/kerala/2010/may/20/iuml/jamaat-e-islami-tie-up-move-foiled-157895.html
root - WARNING - http://www.newindianexpress.com/states/kerala/2010/may/20/iuml/jamaat-e-islami-tie-up-move-foiled-157895.html
root - WARNING - http://www.newindianexpress.com/states/kerala/2010/may/20/iuml/jamaat-e-islami-tie-up-move-foiled-157895.html
root - WARNING - http://www.newindianexpress.com/states/kerala/2010/may/20/iuml/jamaat-e-islami-tie-up-move-foiled-157895.html
root - WARNING - http://www.newindianexpress.com/states/kerala/2010/may/20/iuml/jamaat-e-islami-tie-up-move-foiled-157895.html
root - WARNING - http://www.newindianexpress.com/states/kerala/2010/may/20/iuml/jamaat-e-islami-tie-up-move-foiled-157895.html
root - WARNING - http://www.newindianexpress.com/states/kerala/2010/may/20/iuml/jamaat-e-islami-tie-up-move-foiled-157895.html
root - WARNING - http://www.newindianexpress.com/states/kerala/2010/may/20/iuml/jamaat-e-islami-tie-up-move-foiled-157895.html
root - WARNING - http://www.newindianexpress.com/states/kerala/2010/may/20/iuml/jamaat-e-islami-tie-up-move-foiled-157895.html
root - WARNING - http://www.newindianexpress.com/states/kerala/2010/may/20/iuml/jamaat-e-islami-tie-up-move-foiled-157895.html
root - WARNING - http://www.newindianexpress.com/states/kerala/2010/may/20/iuml/jamaat-e-islami-tie-up-move-foiled-157895.html
root - WARNING - http://www.newindianexpress.com/states/kerala/2010/may/20/iuml/jamaat-e-islami-tie-up-move-foiled-157895.html
root - WARNING - http://www.newindianexpress.com/states/kerala/2010/may/20/iuml/jamaat-e-islami-tie-up-move-foiled-157895.html
root - WARNING - http://www.newindianexpress.com/states/kerala/2010/may/20/iuml/jamaat-e-islami-tie-up-move-foiled-157895.html
root - WARNING - http://www.newindianexpress.com/states/kerala/2010/may/20/iuml/jamaat-e-islami-tie-up-move-foiled-157895.html
root - WARNING - http://www.newindianexpress.com/states/kerala/2010/may/20/iuml/jamaat-e-islami-tie-up-move-foiled-157895.html
root - WARNING - http://www.newindianexpress.com/states/kerala/2010/may/20/iuml/jamaat-e-islami-tie-up-move-foiled-157895.html
root - WARNING - http://www.newindianexpress.com/states/kerala/2010/may/20/iuml/jamaat-e-islami-tie-up-move-foiled-157895.html
root - WARNING - http://www.newindianexpress.com/states/kerala/2010/may/20/iuml/jamaat-e-islami-tie-up-move-foiled-157895.html
root - WARNING - http://www.newindianexpress.com/states/kerala/2010/may/20/iuml/jamaat-e-islami-tie-up-move-foiled-157895.html
root - WARNING - http://www.newindianexpress.com/states/kerala/2010/may/20/iuml/jamaat-e-islami-tie-up-move-foiled-157895.html
root - WARNING - Missing in filled json: http://www.newindianexpress.com/world/2016/mar/31/With-Jihadis-at-the-Door-Syrians-Rush-to-Rescue-History-918472.html
root - WARNING - Missing in filled json: http://www.newindianexpress.com/nation/2013/aug/31/Need-to-end-all-acts-of-violence-against-women-Sonia-512133.html
root - WARNING - Missing in filled json: http://www.newindianexpress.com/prabhu-chawla/pc-columns/2013/nov/03/Modi-takes-a-leaf-out-of-Congress-book-plays-politics-of-grief-on-enemy-turf-533278.html
root - WARNING - Missing in filled json: http://www.newindianexpress.com/nation/2010/jan/29/lalu-rabri-upbeat-after-success-of-shutdown-165462.html
root - WARNING - Missing in filled json: http://www.newindianexpress.com/world/2014/jul/29/Suicide-Bomber-Kills-Afghan-Presidents-Cousin-641472.html
root - WARNING - Missing in filled json: http://www.newindianexpress.com/cities/thiruvananthapuram/2012/jul/07/management-unions-at-loggerheads-in-ksrtc-over-attack-on-employees-384418.html
root - WARNING - Missing in filled json: http://www.newindianexpress.com/states/kerala/2009/nov/17/prohibitory-order-extended-in-kasargod-104501.html
root - WARNING - Missing in filled json: http://www.newindianexpress.com/entertainment/tamil/2014/oct/24/Kaththi-Sharp-as-Controversy-Fails-to-Blunt-Release-in-City-674738.html
root - WARNING - Missing in filled json: http://www.newindianexpress.com/nation/2015/jun/26/40-Years-on-PM-Flogs-Congress-Power-Lust-774682.html
root - WARNING - Missing in filled json: http://www.newindianexpress.com/world/2015/oct/03/Nine-Killed-in-Afghan-Hospital-Bombing-MSF-824153.html
root - WARNING - Missing in filled json: http://www.newindianexpress.com/elections/elections-2016/2016/may/09/No-Marriage-of-Ideologies-Kongu-Parties-Find-Raison-D-h6j7k8-E2-h6j7k8-80-h6j7k8-99-h6j7k8-C3-h6j7k8-AAtre-in-Their-Differences-With-Dalits-934562.html
root - WARNING - Missing in filled json: http://www.newindianexpress.com/cities/thiruvananthapuram/2011/mar/10/cpi-to-get-existing-seats-decision-on-more-seat-234355.html
root - WARNING - Missing in filled json: http://www.newindianexpress.com/cities/hyderabad/2010/apr/18/mim-legislator-slaps-police-constable-149029.html
root - WARNING - Missing in filled json: http://www.newindianexpress.com/opinions/2009/dec/11/obamas-confused-policies-112189.html
root - WARNING - Missing in filled json: http://www.newindianexpress.com/states/odisha/2009/sep/03/maoist-posters-found-83098.html
root - WARNING - Missing in filled json: http://www.newindianexpress.com/nation/2012/may/11/government-apologises-after-ambedkar-toon-row-367090.html
root - WARNING - Missing in filled json: http://www.newindianexpress.com/cities/thiruvananthapuram/2009/oct/19/law-and-locals-in-a-free-for-all-95812.html
root - WARNING - Missing in filled json: http://www.newindianexpress.com/sport/2014/dec/14/No-Action-against-Pakistan-Players-after-Coachs-Apology-FIH-694086.html
root - WARNING - Missing in filled json: http://www.newindianexpress.com/cities/kochi/2009/may/20/left-losing-influence-over-traditional-workers-50785.html
root - WARNING - Missing in filled json: http://www.newindianexpress.com/cities/bengaluru/2012/mar/03/bangalore-courts-to-remain-shut-today-345504.html
root - WARNING - Missing in filled json: http://www.newindianexpress.com/nation/2015/dec/05/Twin-Bomb-Blasts-Injures-Four-in-Guwahatis-Fancy-Bazar-Area-Police-852151.html
root - WARNING - Missing in filled json: http://www.newindianexpress.com/cities/hyderabad/2010/oct/15/differences-in-tpf-over-polls-195371.html
root - WARNING - Missing in filled json: http://www.newindianexpress.com/world/2009/dec/13/ahmadinejad-promises-hamas-continued-support-112648.html
root - WARNING - Missing in filled json: http://www.newindianexpress.com/business/2009/nov/30/doha-deal-needed-for-stronger-world-trade-lamy-108803.html
root - WARNING - Missing in filled json: http://www.newindianexpress.com/nation/2013/aug/02/Congress-made-its-state-ment-state-will-come-in-six-months-Shinde-502823.html
root - WARNING - Missing in filled json: http://www.newindianexpress.com/world/2016/jan/06/S-Korea-Artificial-Quake-Near-N-Korean-Nuke-Test-Site-865385.html
root - WARNING - Missing in filled json: http://www.newindianexpress.com/nation/2016/may/08/Youth-Shot-Dead-for-Overtaking-Car-of-JDU-MLCs-Son-934274.html
root - WARNING - Missing in filled json: http://www.newindianexpress.com/states/tamil-nadu/2010/dec/06/inaction-on-raja-a-mystery-208552.html
root - WARNING - Missing in filled json: http://www.newindianexpress.com/opinions/2010/jul/22/how-to-deal-with-pakistan-171839.html
root - WARNING - Missing in filled json: http://www.newindianexpress.com/world/2016/jul/14/Still-far-from-solving-police-community-issues-Obama-880751.html
root - WARNING - Missing in filled json: http://www.newindianexpress.com/nation/2015/aug/13/Both-Houses-of-Parliament-Adjourned-Sine-die-798969.html
root - WARNING - Missing in filled json: http://www.newindianexpress.com/cities/hyderabad/2013/jan/17/seers-protest-arrest-at-banjara-hills-police-station-443735.html
root - WARNING - Missing in filled json: http://www.newindianexpress.com/states/odisha/2011/dec/02/police-to-conduct-aerial-patrolling-316256.html
root - WARNING - Missing in filled json: http://www.newindianexpress.com/opinions/columns/soli-j-sorabjee/2013/aug/11/Pakistan-must-ensure-safety-of-its-N-arsenal-505666.html
root - WARNING - Missing in filled json: http://www.newindianexpress.com/states/karnataka/2012/jan/29/police-injured-in-stone-pelting-334701.html
root - WARNING - Missing in filled json: http://www.newindianexpress.com/nation/2014/mar/06/Kiran-Reddy-Moves-SC-on-Telangana-Issue-583016.html
root - WARNING - Missing in filled json: http://www.newindianexpress.com/opinions/2010/jan/14/the-two-sides-of-ngapoi-160850.html
root - WARNING - Missing in filled json: http://www.newindianexpress.com/world/2009/jan/11/crowd-tries-to-attack-us-consulate-in-pakistan-17265.html
root - WARNING - Missing in filled json: http://www.newindianexpress.com/nation/2016/jun/03/Mathura-clashes-Superintendent-of-Police-among-two-policemen-killed-936117.html
root - WARNING - Missing in filled json: http://www.newindianexpress.com/cities/hyderabad/2011/nov/17/clothiers-bandh-loses-steam-311065.html
root - WARNING - Missing in filled json: http://www.newindianexpress.com/cities/hyderabad/2009/sep/02/utsav-samithi-unhappy-with-police-82778.html
root - WARNING - Missing in filled json: http://www.newindianexpress.com/states/kerala/2009/apr/20/prathishtadina-mahotsavam-42467.html
root - WARNING - Missing in filled json: http://www.newindianexpress.com/nation/2016/feb/07/Lankan-Tamil-Diaspora-for-Dialogue-With-New-Delhi-889381.html
root - WARNING - Missing in filled json: http://www.newindianexpress.com/world/2015/nov/15/French-Police-Identifies-Concert-Hall-Attacker-843270.html
root - WARNING - Missing in filled json: http://www.newindianexpress.com/states/andhra-pradesh/2010/jan/11/maoist-bogey-fails-to-douse-telangana-ardour-159656.html
root - WARNING - Missing in filled json: http://www.newindianexpress.com/nation/2014/mar/23/Modi-Narrow-minded-says-Sharad-Pawar-589786.html
root - WARNING - Missing in filled json: http://www.newindianexpress.com/nation/2014/feb/08/India-Should-Be-Strong-to-Gain-Neighbours-Respect-Modi-573711.html
root - WARNING - Missing in filled json: http://www.newindianexpress.com/nation/2009/jan/07/battle-continues-in-poonch-district-16239.html
root - WARNING - Missing in filled json: http://www.newindianexpress.com/thesundaystandard/2012/oct/07/bjp-misses-its-shot-in-vadragate-fog-412953.html
root - WARNING - Missing in filled json: http://www.newindianexpress.com/cities/chennai/2009/jul/09/mock-drill-exposes-lax-security-66370.html
root - WARNING - Missing in filled json: http://www.newindianexpress.com/states/tamil-nadu/2010/sep/18/ex-transport-staff-never-get-pension-on-time-187781.html
root - WARNING - Missing in filled json: http://www.newindianexpress.com/nation/2014/oct/28/BJP-Running-Away-from-Fresh-Polls-in-Delhi-AAP-Congress-676296.html
root - WARNING - Missing in filled json: http://www.newindianexpress.com/opinions/2012/apr/29/strong-central-policy-a-must-to-curb-naxalism-363231.html
root - WARNING - Missing in filled json: http://www.newindianexpress.com/world/2009/nov/30/skorean-navy-rescues-nkorean-soldier-108703.html
